2024-11-05T00:00:15.032-05:00  WARN 7192 --- [SysAlmacenFX] [JavaFX Application Thread] o.h.engine.jdbc.spi.SqlExceptionHelper   : SQL Error: 19, SQLState: null
2024-11-05T00:00:15.037-05:00 ERROR 7192 --- [SysAlmacenFX] [JavaFX Application Thread] o.h.engine.jdbc.spi.SqlExceptionHelper   : [SQLITE_CONSTRAINT_NOTNULL] A NOT NULL constraint failed (NOT NULL constraint failed: upeu_usuario.id_perfil)
2024-11-05T00:00:22.796-05:00  INFO 7192 --- [SysAlmacenFX] [JavaFX Application Thread] j.LocalContainerEntityManagerFactoryBean : Closing JPA EntityManagerFactory for persistence unit 'default'
2024-11-05T00:00:22.798-05:00  INFO 7192 --- [SysAlmacenFX] [JavaFX Application Thread] com.zaxxer.hikari.HikariDataSource       : HikariPool-1 - Shutdown initiated...
2024-11-05T00:00:22.803-05:00  INFO 7192 --- [SysAlmacenFX] [JavaFX Application Thread] com.zaxxer.hikari.HikariDataSource       : HikariPool-1 - Shutdown completed.
2024-11-05T00:02:17.007-05:00  INFO 8356 --- [SysAlmacenFX] [JavaFX-Launcher] o.s.boot.SpringApplication               : Starting application using Java 22 with PID 8356 (started by USER in C:\POO\U2\nn\POO2024C2\POO2024C2G1-devSDB\SysAlmacenFX)
2024-11-05T00:02:17.009-05:00  INFO 8356 --- [SysAlmacenFX] [JavaFX-Launcher] o.s.boot.SpringApplication               : No active profile set, falling back to 1 default profile: "default"
2024-11-05T00:02:17.531-05:00  INFO 8356 --- [SysAlmacenFX] [JavaFX-Launcher] .s.d.r.c.RepositoryConfigurationDelegate : Bootstrapping Spring Data JPA repositories in DEFAULT mode.
2024-11-05T00:02:17.605-05:00  INFO 8356 --- [SysAlmacenFX] [JavaFX-Launcher] .s.d.r.c.RepositoryConfigurationDelegate : Finished Spring Data repository scanning in 68 ms. Found 19 JPA repository interfaces.
2024-11-05T00:02:17.893-05:00  INFO 8356 --- [SysAlmacenFX] [JavaFX-Launcher] o.hibernate.jpa.internal.util.LogHelper  : HHH000204: Processing PersistenceUnitInfo [name: default]
2024-11-05T00:02:17.935-05:00  INFO 8356 --- [SysAlmacenFX] [JavaFX-Launcher] org.hibernate.Version                    : HHH000412: Hibernate ORM core version 6.5.3.Final
2024-11-05T00:02:17.961-05:00  INFO 8356 --- [SysAlmacenFX] [JavaFX-Launcher] o.h.c.internal.RegionFactoryInitiator    : HHH000026: Second-level cache disabled
2024-11-05T00:02:18.184-05:00  INFO 8356 --- [SysAlmacenFX] [JavaFX-Launcher] o.s.o.j.p.SpringPersistenceUnitInfo      : No LoadTimeWeaver setup: ignoring JPA class transformer
2024-11-05T00:02:18.206-05:00  INFO 8356 --- [SysAlmacenFX] [JavaFX-Launcher] com.zaxxer.hikari.HikariDataSource       : HikariPool-1 - Starting...
2024-11-05T00:02:18.311-05:00  INFO 8356 --- [SysAlmacenFX] [JavaFX-Launcher] com.zaxxer.hikari.pool.HikariPool        : HikariPool-1 - Added connection org.sqlite.jdbc4.JDBC4Connection@446086a2
2024-11-05T00:02:18.312-05:00  INFO 8356 --- [SysAlmacenFX] [JavaFX-Launcher] com.zaxxer.hikari.HikariDataSource       : HikariPool-1 - Start completed.
2024-11-05T00:02:19.092-05:00  INFO 8356 --- [SysAlmacenFX] [JavaFX-Launcher] o.h.e.t.j.p.i.JtaPlatformInitiator       : HHH000489: No JTA platform available (set 'hibernate.transaction.jta.platform' to enable JTA platform integration)
2024-11-05T00:02:19.121-05:00  INFO 8356 --- [SysAlmacenFX] [JavaFX-Launcher] j.LocalContainerEntityManagerFactoryBean : Initialized JPA EntityManagerFactory for persistence unit 'default'
2024-11-05T00:02:19.317-05:00  INFO 8356 --- [SysAlmacenFX] [JavaFX-Launcher] o.s.d.j.r.query.QueryEnhancerFactory     : Hibernate is in classpath; If applicable, HQL parser will be used.
2024-11-05T00:02:19.602-05:00  INFO 8356 --- [SysAlmacenFX] [JavaFX-Launcher] o.s.boot.SpringApplication               : Started application in 3.07 seconds (process running for 3.594)
2024-11-05T00:03:09.733-05:00  INFO 8356 --- [SysAlmacenFX] [JavaFX Application Thread] j.LocalContainerEntityManagerFactoryBean : Closing JPA EntityManagerFactory for persistence unit 'default'
2024-11-05T00:03:09.736-05:00  INFO 8356 --- [SysAlmacenFX] [JavaFX Application Thread] com.zaxxer.hikari.HikariDataSource       : HikariPool-1 - Shutdown initiated...
2024-11-05T00:03:09.738-05:00  INFO 8356 --- [SysAlmacenFX] [JavaFX Application Thread] com.zaxxer.hikari.HikariDataSource       : HikariPool-1 - Shutdown completed.
2024-11-05T01:13:37.229-05:00  INFO 17464 --- [SysAlmacenFX] [JavaFX-Launcher] o.s.boot.SpringApplication               : Starting application using Java 22 with PID 17464 (started by USER in C:\POO\U2\nn\POO2024C2\POO2024C2G1-devSDB\SysAlmacenFX)
2024-11-05T01:13:37.231-05:00  INFO 17464 --- [SysAlmacenFX] [JavaFX-Launcher] o.s.boot.SpringApplication               : No active profile set, falling back to 1 default profile: "default"
2024-11-05T01:13:37.755-05:00  INFO 17464 --- [SysAlmacenFX] [JavaFX-Launcher] .s.d.r.c.RepositoryConfigurationDelegate : Bootstrapping Spring Data JPA repositories in DEFAULT mode.
2024-11-05T01:13:37.831-05:00  INFO 17464 --- [SysAlmacenFX] [JavaFX-Launcher] .s.d.r.c.RepositoryConfigurationDelegate : Finished Spring Data repository scanning in 69 ms. Found 19 JPA repository interfaces.
2024-11-05T01:13:38.111-05:00  INFO 17464 --- [SysAlmacenFX] [JavaFX-Launcher] o.hibernate.jpa.internal.util.LogHelper  : HHH000204: Processing PersistenceUnitInfo [name: default]
2024-11-05T01:13:38.151-05:00  INFO 17464 --- [SysAlmacenFX] [JavaFX-Launcher] org.hibernate.Version                    : HHH000412: Hibernate ORM core version 6.5.3.Final
2024-11-05T01:13:38.174-05:00  INFO 17464 --- [SysAlmacenFX] [JavaFX-Launcher] o.h.c.internal.RegionFactoryInitiator    : HHH000026: Second-level cache disabled
2024-11-05T01:13:38.388-05:00  INFO 17464 --- [SysAlmacenFX] [JavaFX-Launcher] o.s.o.j.p.SpringPersistenceUnitInfo      : No LoadTimeWeaver setup: ignoring JPA class transformer
2024-11-05T01:13:38.410-05:00  INFO 17464 --- [SysAlmacenFX] [JavaFX-Launcher] com.zaxxer.hikari.HikariDataSource       : HikariPool-1 - Starting...
2024-11-05T01:13:38.522-05:00  INFO 17464 --- [SysAlmacenFX] [JavaFX-Launcher] com.zaxxer.hikari.pool.HikariPool        : HikariPool-1 - Added connection org.sqlite.jdbc4.JDBC4Connection@5e8ed8d4
2024-11-05T01:13:38.524-05:00  INFO 17464 --- [SysAlmacenFX] [JavaFX-Launcher] com.zaxxer.hikari.HikariDataSource       : HikariPool-1 - Start completed.
2024-11-05T01:13:39.299-05:00  INFO 17464 --- [SysAlmacenFX] [JavaFX-Launcher] o.h.e.t.j.p.i.JtaPlatformInitiator       : HHH000489: No JTA platform available (set 'hibernate.transaction.jta.platform' to enable JTA platform integration)
2024-11-05T01:13:39.328-05:00  INFO 17464 --- [SysAlmacenFX] [JavaFX-Launcher] j.LocalContainerEntityManagerFactoryBean : Initialized JPA EntityManagerFactory for persistence unit 'default'
2024-11-05T01:13:39.530-05:00  INFO 17464 --- [SysAlmacenFX] [JavaFX-Launcher] o.s.d.j.r.query.QueryEnhancerFactory     : Hibernate is in classpath; If applicable, HQL parser will be used.
2024-11-05T01:13:39.809-05:00  INFO 17464 --- [SysAlmacenFX] [JavaFX-Launcher] o.s.boot.SpringApplication               : Started application in 3.043 seconds (process running for 3.595)
2024-11-05T01:13:57.912-05:00  WARN 17464 --- [SysAlmacenFX] [JavaFX Application Thread] javafx.css                               : Caught 'java.lang.ClassCastException: class java.lang.String cannot be cast to class javafx.css.Size (java.lang.String is in module java.base of loader 'bootstrap'; javafx.css.Size is in unnamed module of loader 'app')' while converting value for '-fx-border-radius' from inline style on Button[id=btnCrear, styleClass=button]'Crear'
2024-11-05T01:13:57.913-05:00  WARN 17464 --- [SysAlmacenFX] [JavaFX Application Thread] javafx.css                               : Caught 'java.lang.ClassCastException: class java.lang.String cannot be cast to class javafx.css.Size (java.lang.String is in module java.base of loader 'bootstrap'; javafx.css.Size is in unnamed module of loader 'app')' while converting value for '-fx-border-radius' from inline style on Button[id=btnCrear, styleClass=button]'Crear'
2024-11-05T01:13:58.997-05:00  WARN 17464 --- [SysAlmacenFX] [JavaFX Application Thread] javafx.css                               : Caught 'java.lang.ClassCastException: class java.lang.String cannot be cast to class javafx.css.Size (java.lang.String is in module java.base of loader 'bootstrap'; javafx.css.Size is in unnamed module of loader 'app')' while converting value for '-fx-border-radius' from inline style on Button[id=btnCrear, styleClass=button]'Crear'
2024-11-05T01:14:40.218-05:00  WARN 17464 --- [SysAlmacenFX] [JavaFX Application Thread] javafx.css                               : Caught 'java.lang.ClassCastException: class java.lang.String cannot be cast to class javafx.css.Size (java.lang.String is in module java.base of loader 'bootstrap'; javafx.css.Size is in unnamed module of loader 'app')' while converting value for '-fx-border-radius' from inline style on Button[id=btnCrear, styleClass=button]'Crear'
2024-11-05T01:14:41.016-05:00  WARN 17464 --- [SysAlmacenFX] [JavaFX Application Thread] javafx.css                               : Caught 'java.lang.ClassCastException: class java.lang.String cannot be cast to class javafx.css.Size (java.lang.String is in module java.base of loader 'bootstrap'; javafx.css.Size is in unnamed module of loader 'app')' while converting value for '-fx-border-radius' from inline style on Button[id=btnCrear, styleClass=button]'Crear'
2024-11-05T01:14:44.469-05:00  WARN 17464 --- [SysAlmacenFX] [JavaFX Application Thread] javafx.css                               : Caught 'java.lang.ClassCastException: class java.lang.String cannot be cast to class javafx.css.Size (java.lang.String is in module java.base of loader 'bootstrap'; javafx.css.Size is in unnamed module of loader 'app')' while converting value for '-fx-border-radius' from inline style on Button[id=btnCrear, styleClass=button]'Crear'
2024-11-05T01:14:45.583-05:00  INFO 17464 --- [SysAlmacenFX] [JavaFX Application Thread] j.LocalContainerEntityManagerFactoryBean : Closing JPA EntityManagerFactory for persistence unit 'default'
2024-11-05T01:14:45.585-05:00  INFO 17464 --- [SysAlmacenFX] [JavaFX Application Thread] com.zaxxer.hikari.HikariDataSource       : HikariPool-1 - Shutdown initiated...
2024-11-05T01:14:45.587-05:00  INFO 17464 --- [SysAlmacenFX] [JavaFX Application Thread] com.zaxxer.hikari.HikariDataSource       : HikariPool-1 - Shutdown completed.
